<?xml version="1.0" encoding="UTF-8"?>
<coverage generated="1771670271554" clover="3.2.0">
  <project timestamp="1771670271554" name="All files">
    <metrics statements="34" coveredstatements="34" conditionals="4" coveredconditionals="4" methods="5" coveredmethods="5" elements="43" coveredelements="43" complexity="0" loc="34" ncloc="34" packages="1" files="1" classes="1"/>
    <file name="crypto.ts" path="/config/workspace/puerto-aventuras-app/packages/crypto/src/crypto.ts">
      <metrics statements="34" coveredstatements="34" conditionals="4" coveredconditionals="4" methods="5" coveredmethods="5"/>
      <line num="10" count="1" type="stmt"/>
      <line num="11" count="1" type="stmt"/>
      <line num="20" count="1" type="stmt"/>
      <line num="26" count="1" type="stmt"/>
      <line num="32" count="1" type="stmt"/>
      <line num="37" count="1" type="stmt"/>
      <line num="58" count="1" type="stmt"/>
      <line num="60" count="13" type="cond" truecount="1" falsecount="0"/>
      <line num="61" count="1" type="stmt"/>
      <line num="65" count="12" type="stmt"/>
      <line num="68" count="12" type="stmt"/>
      <line num="71" count="12" type="stmt"/>
      <line num="74" count="12" type="stmt"/>
      <line num="75" count="12" type="stmt"/>
      <line num="79" count="12" type="stmt"/>
      <line num="81" count="12" type="stmt"/>
      <line num="103" count="1" type="stmt"/>
      <line num="105" count="8" type="cond" truecount="1" falsecount="0"/>
      <line num="106" count="1" type="stmt"/>
      <line num="110" count="7" type="stmt"/>
      <line num="113" count="7" type="stmt"/>
      <line num="116" count="7" type="stmt"/>
      <line num="119" count="7" type="stmt"/>
      <line num="122" count="7" type="stmt"/>
      <line num="125" count="6" type="stmt"/>
      <line num="126" count="6" type="stmt"/>
      <line num="128" count="4" type="stmt"/>
      <line num="145" count="1" type="stmt"/>
      <line num="146" count="18" type="stmt"/>
      <line num="147" count="18" type="stmt"/>
      <line num="168" count="1" type="stmt"/>
      <line num="169" count="7" type="stmt"/>
      <line num="185" count="1" type="stmt"/>
      <line num="186" count="7" type="cond" truecount="2" falsecount="0"/>
    </file>
  </project>
</coverage>
