{"/config/workspace/puerto-aventuras-app/packages/crypto/src/crypto.ts": {"path":"/config/workspace/puerto-aventuras-app/packages/crypto/src/crypto.ts","statementMap":{"0":{"start":{"line":58,"column":0},"end":{"line":58,"column":16}},"1":{"start":{"line":103,"column":0},"end":{"line":103,"column":16}},"2":{"start":{"line":145,"column":0},"end":{"line":145,"column":16}},"3":{"start":{"line":168,"column":0},"end":{"line":168,"column":16}},"4":{"start":{"line":185,"column":0},"end":{"line":185,"column":16}},"5":{"start":{"line":10,"column":0},"end":{"line":10,"column":33}},"6":{"start":{"line":11,"column":0},"end":{"line":11,"column":37}},"7":{"start":{"line":20,"column":18},"end":{"line":20,"column":31}},"8":{"start":{"line":26,"column":18},"end":{"line":26,"column":20}},"9":{"start":{"line":32,"column":19},"end":{"line":32,"column":21}},"10":{"start":{"line":37,"column":23},"end":{"line":37,"column":31}},"11":{"start":{"line":60,"column":2},"end":{"line":62,"column":3}},"12":{"start":{"line":61,"column":4},"end":{"line":61,"column":80}},"13":{"start":{"line":65,"column":14},"end":{"line":65,"column":40}},"14":{"start":{"line":68,"column":13},"end":{"line":68,"column":42}},"15":{"start":{"line":71,"column":17},"end":{"line":71,"column":58}},"16":{"start":{"line":74,"column":18},"end":{"line":74,"column":60}},"17":{"start":{"line":75,"column":2},"end":{"line":75,"column":38}},"18":{"start":{"line":79,"column":19},"end":{"line":79,"column":72}},"19":{"start":{"line":81,"column":2},"end":{"line":81,"column":37}},"20":{"start":{"line":105,"column":2},"end":{"line":107,"column":3}},"21":{"start":{"line":106,"column":4},"end":{"line":106,"column":80}},"22":{"start":{"line":110,"column":14},"end":{"line":110,"column":40}},"23":{"start":{"line":113,"column":19},"end":{"line":113,"column":52}},"24":{"start":{"line":116,"column":13},"end":{"line":116,"column":44}},"25":{"start":{"line":119,"column":20},"end":{"line":119,"column":48}},"26":{"start":{"line":122,"column":19},"end":{"line":122,"column":62}},"27":{"start":{"line":125,"column":18},"end":{"line":125,"column":63}},"28":{"start":{"line":126,"column":2},"end":{"line":126,"column":38}},"29":{"start":{"line":128,"column":2},"end":{"line":128,"column":19}},"30":{"start":{"line":146,"column":14},"end":{"line":146,"column":44}},"31":{"start":{"line":147,"column":2},"end":{"line":147,"column":29}},"32":{"start":{"line":169,"column":2},"end":{"line":169,"column":77}},"33":{"start":{"line":186,"column":2},"end":{"line":186,"column":63}}},"fnMap":{"0":{"name":"encrypt","decl":{"start":{"line":58,"column":16},"end":{"line":58,"column":23}},"loc":{"start":{"line":58,"column":57},"end":{"line":82,"column":1}}},"1":{"name":"decrypt","decl":{"start":{"line":103,"column":16},"end":{"line":103,"column":23}},"loc":{"start":{"line":103,"column":58},"end":{"line":129,"column":1}}},"2":{"name":"generateKey","decl":{"start":{"line":145,"column":16},"end":{"line":145,"column":27}},"loc":{"start":{"line":145,"column":27},"end":{"line":148,"column":1}}},"3":{"name":"hashPII","decl":{"start":{"line":168,"column":16},"end":{"line":168,"column":23}},"loc":{"start":{"line":168,"column":35},"end":{"line":170,"column":1}}},"4":{"name":"validateKey","decl":{"start":{"line":185,"column":16},"end":{"line":185,"column":27}},"loc":{"start":{"line":185,"column":42},"end":{"line":187,"column":1}}}},"branchMap":{"0":{"loc":{"start":{"line":60,"column":2},"end":{"line":62,"column":3}},"type":"if","locations":[{"start":{"line":60,"column":2},"end":{"line":62,"column":3}}]},"1":{"loc":{"start":{"line":105,"column":2},"end":{"line":107,"column":3}},"type":"if","locations":[{"start":{"line":105,"column":2},"end":{"line":107,"column":3}}]},"2":{"loc":{"start":{"line":186,"column":9},"end":{"line":186,"column":62}},"type":"binary-expr","locations":[{"start":{"line":186,"column":9},"end":{"line":186,"column":29}},{"start":{"line":186,"column":33},"end":{"line":186,"column":62}}]}},"s":{"0":1,"1":1,"2":1,"3":1,"4":1,"5":1,"6":1,"7":1,"8":1,"9":1,"10":1,"11":13,"12":1,"13":12,"14":12,"15":12,"16":12,"17":12,"18":12,"19":12,"20":8,"21":1,"22":7,"23":7,"24":7,"25":7,"26":7,"27":6,"28":6,"29":4,"30":18,"31":18,"32":7,"33":7},"f":{"0":13,"1":8,"2":18,"3":7,"4":7},"b":{"0":[1],"1":[1],"2":[7,3]}}
}
