TN:
SF:src/crypto.ts
FN:58,encrypt
FN:103,decrypt
FN:145,generateKey
FN:168,hashPII
FN:185,validateKey
FNF:5
FNH:5
FNDA:13,encrypt
FNDA:8,decrypt
FNDA:18,generateKey
FNDA:7,hashPII
FNDA:7,validateKey
DA:10,1
DA:11,1
DA:20,1
DA:26,1
DA:32,1
DA:37,1
DA:58,1
DA:60,13
DA:61,1
DA:65,12
DA:68,12
DA:71,12
DA:74,12
DA:75,12
DA:79,12
DA:81,12
DA:103,1
DA:105,8
DA:106,1
DA:110,7
DA:113,7
DA:116,7
DA:119,7
DA:122,7
DA:125,6
DA:126,6
DA:128,4
DA:145,1
DA:146,18
DA:147,18
DA:168,1
DA:169,7
DA:185,1
DA:186,7
LF:34
LH:34
BRDA:60,0,0,1
BRDA:105,1,0,1
BRDA:186,2,0,7
BRDA:186,2,1,3
BRF:4
BRH:4
end_of_record
